0 info it worked if it ends with ok
1 verbose cli [ '/Users/joshuaswiss/.nvm/versions/node/v6.2.2/bin/node',
1 verbose cli   '/Users/joshuaswiss/.nvm/versions/node/v6.2.2/bin/npm',
1 verbose cli   'owner',
1 verbose cli   'ls' ]
2 info using npm@4.1.2
3 info using node@v6.2.2
4 silly mapToRegistry name rss-health-mapping
5 silly mapToRegistry using default registry
6 silly mapToRegistry registry https://registry.npmjs.org/
7 silly mapToRegistry data Result {
7 silly mapToRegistry   raw: 'rss-health-mapping',
7 silly mapToRegistry   scope: null,
7 silly mapToRegistry   escapedName: 'rss-health-mapping',
7 silly mapToRegistry   name: 'rss-health-mapping',
7 silly mapToRegistry   rawSpec: '',
7 silly mapToRegistry   spec: 'latest',
7 silly mapToRegistry   type: 'tag' }
8 silly mapToRegistry uri https://registry.npmjs.org/rss-health-mapping
9 verbose request uri https://registry.npmjs.org/rss-health-mapping
10 verbose request no auth needed
11 info attempt registry request try #1 at 7:58:14 AM
12 verbose request id 08785138b2497a5c
13 http request GET https://registry.npmjs.org/rss-health-mapping
14 http 404 https://registry.npmjs.org/rss-health-mapping
15 verbose headers { 'content-type': 'application/json',
15 verbose headers   'cache-control': 'max-age=0',
15 verbose headers   'content-length': '2',
15 verbose headers   'accept-ranges': 'bytes',
15 verbose headers   date: 'Fri, 10 Feb 2017 04:58:12 GMT',
15 verbose headers   via: '1.1 varnish',
15 verbose headers   age: '0',
15 verbose headers   connection: 'keep-alive',
15 verbose headers   'x-served-by': 'cache-fjr7921-FJR',
15 verbose headers   'x-cache': 'MISS',
15 verbose headers   'x-cache-hits': '0',
15 verbose headers   'x-timer': 'S1486702690.891771,VS0,VE1353',
15 verbose headers   vary: 'Accept-Encoding' }
16 silly get cb [ 404,
16 silly get   { 'content-type': 'application/json',
16 silly get     'cache-control': 'max-age=0',
16 silly get     'content-length': '2',
16 silly get     'accept-ranges': 'bytes',
16 silly get     date: 'Fri, 10 Feb 2017 04:58:12 GMT',
16 silly get     via: '1.1 varnish',
16 silly get     age: '0',
16 silly get     connection: 'keep-alive',
16 silly get     'x-served-by': 'cache-fjr7921-FJR',
16 silly get     'x-cache': 'MISS',
16 silly get     'x-cache-hits': '0',
16 silly get     'x-timer': 'S1486702690.891771,VS0,VE1353',
16 silly get     vary: 'Accept-Encoding' } ]
17 error owner ls Couldn't get owner data rss-health-mapping
18 verbose stack Error: Registry returned 404 for GET on https://registry.npmjs.org/rss-health-mapping
18 verbose stack     at makeError (/Users/joshuaswiss/.nvm/versions/node/v6.2.2/lib/node_modules/npm/node_modules/npm-registry-client/lib/request.js:304:12)
18 verbose stack     at CachingRegistryClient.<anonymous> (/Users/joshuaswiss/.nvm/versions/node/v6.2.2/lib/node_modules/npm/node_modules/npm-registry-client/lib/request.js:282:14)
18 verbose stack     at Request._callback (/Users/joshuaswiss/.nvm/versions/node/v6.2.2/lib/node_modules/npm/node_modules/npm-registry-client/lib/request.js:212:14)
18 verbose stack     at Request.self.callback (/Users/joshuaswiss/.nvm/versions/node/v6.2.2/lib/node_modules/npm/node_modules/request/request.js:186:22)
18 verbose stack     at emitTwo (events.js:106:13)
18 verbose stack     at Request.emit (events.js:191:7)
18 verbose stack     at Request.<anonymous> (/Users/joshuaswiss/.nvm/versions/node/v6.2.2/lib/node_modules/npm/node_modules/request/request.js:1081:10)
18 verbose stack     at emitOne (events.js:96:13)
18 verbose stack     at Request.emit (events.js:188:7)
18 verbose stack     at IncomingMessage.<anonymous> (/Users/joshuaswiss/.nvm/versions/node/v6.2.2/lib/node_modules/npm/node_modules/request/request.js:1001:12)
19 verbose statusCode 404
20 verbose pkgid rss-health-mapping
21 verbose cwd /Users/joshuaswiss/CGA-Code/eu-health-mapping
22 error Darwin 16.4.0
23 error argv "/Users/joshuaswiss/.nvm/versions/node/v6.2.2/bin/node" "/Users/joshuaswiss/.nvm/versions/node/v6.2.2/bin/npm" "owner" "ls"
24 error node v6.2.2
25 error npm  v4.1.2
26 error code E404
27 error 404 Registry returned 404 for GET on https://registry.npmjs.org/rss-health-mapping
28 error 404
29 error 404 'rss-health-mapping' is not in the npm registry.
30 error 404 You should bug the author to publish it (or use the name yourself!)
31 error 404 Note that you can also install from a
32 error 404 tarball, folder, http url, or git url.
33 verbose exit [ 1, true ]
